12:18:27.260 [main] WARN  org.apache.druid.indexing.common.tasklogs.ConsoleLoggingEnforcementConfigurationFactory - Clearing all configured appenders for logger root. Using Console instead.
12:18:27.262 [main] WARN  org.apache.druid.indexing.common.tasklogs.ConsoleLoggingEnforcementConfigurationFactory - Clearing all configured appenders for logger root. Using Console instead.
12:18:27.262 [main] WARN  org.apache.druid.indexing.common.tasklogs.ConsoleLoggingEnforcementConfigurationFactory - Clearing all configured appenders for logger org.apache.druid.initialization. Using Console instead.
12:18:27.263 [main] WARN  org.apache.druid.indexing.common.tasklogs.ConsoleLoggingEnforcementConfigurationFactory - Clearing all configured appenders for logger org.apache.druid.segment. Using Console instead.
12:18:27.263 [main] WARN  org.apache.druid.indexing.common.tasklogs.ConsoleLoggingEnforcementConfigurationFactory - Clearing all configured appenders for logger org.apache.kafka.clients.consumer.internals. Using Console instead.
12:18:27.263 [main] WARN  org.apache.druid.indexing.common.tasklogs.ConsoleLoggingEnforcementConfigurationFactory - Clearing all configured appenders for logger org.apache.druid.server.QueryResource. Using Console instead.
12:18:27.263 [main] WARN  org.apache.druid.indexing.common.tasklogs.ConsoleLoggingEnforcementConfigurationFactory - Clearing all configured appenders for logger org.apache.druid.server.coordinator. Using Console instead.
12:18:27.263 [main] WARN  org.apache.druid.indexing.common.tasklogs.ConsoleLoggingEnforcementConfigurationFactory - Clearing all configured appenders for logger com.sun.jersey.guice. Using Console instead.
12:18:27.263 [main] WARN  org.apache.druid.indexing.common.tasklogs.ConsoleLoggingEnforcementConfigurationFactory - Clearing all configured appenders for logger org.apache.druid.server.QueryLifecycle. Using Console instead.
2025-09-17T12:18:27,493 INFO [main] org.hibernate.validator.internal.util.Version - HV000001: Hibernate Validator 6.2.5.Final
2025-09-17T12:18:28,020 INFO [main] org.apache.druid.guice.ExtensionsLoader - Loading extension [druid-hdfs-storage], jars: jackson-dataformat-cbor-2.18.4.jar, hadoop-client-api-3.3.6.jar, aws-java-sdk-kms-1.12.784.jar, joda-time-2.14.0.jar, hadoop-client-runtime-3.3.6.jar, httpclient-4.5.13.jar, jsr305-3.0.2.jar, commons-logging-1.3.5.jar, aws-java-sdk-core-1.12.784.jar, wildfly-openssl-1.1.3.Final.jar, hadoop-aws-3.3.6.jar, druid-hdfs-storage-34.0.0.jar, commons-codec-1.16.1.jar, jmespath-java-1.12.784.jar, aws-java-sdk-s3-1.12.784.jar, httpcore-4.4.16.jar, slf4j-api-2.0.16.jar, snappy-java-1.1.10.7.jar. Druid extension dependencies [[]]
2025-09-17T12:18:28,035 INFO [main] org.apache.druid.guice.ExtensionsLoader - Loading extension [druid-kafka-indexing-service], jars: zstd-jni-1.5.2-3.jar, druid-kafka-indexing-service-34.0.0.jar, kafka-clients-3.9.1.jar, snappy-java-1.1.10.7.jar, lz4-java-1.8.0.jar. Druid extension dependencies [[]]
2025-09-17T12:18:28,039 INFO [main] org.apache.druid.guice.ExtensionsLoader - Loading extension [druid-datasketches], jars: commons-math3-3.6.1.jar, druid-datasketches-34.0.0.jar. Druid extension dependencies [[]]
2025-09-17T12:18:28,041 INFO [main] org.apache.druid.guice.ExtensionsLoader - Loading extension [druid-multi-stage-query], jars: druid-multi-stage-query-34.0.0.jar. Druid extension dependencies [[]]
2025-09-17T12:18:28,060 INFO [main] org.apache.druid.guice.ExtensionsLoader - Loading extension [druid-parquet-extensions], jars: hadoop-client-api-3.3.6.jar, zstd-jni-1.5.2-3.jar, hadoop-client-runtime-3.3.6.jar, aircompressor-2.0.2.jar, parquet-common-1.15.2.jar, parquet-encoding-1.15.2.jar, jsr305-3.0.2.jar, commons-logging-1.3.5.jar, parquet-column-1.15.2.jar, avro-1.11.4.jar, parquet-jackson-1.15.2.jar, parquet-format-structures-1.15.2.jar, parquet-hadoop-1.15.2.jar, javax.annotation-api-1.3.2.jar, slf4j-api-2.0.16.jar, druid-parquet-extensions-34.0.0.jar, parquet-avro-1.15.2.jar, snappy-java-1.1.10.7.jar. Druid extension dependencies [[]]
2025-09-17T12:18:28,280 INFO [main] org.apache.druid.guice.ExtensionsLoader - Loading extension [druid-hdfs-storage], jars: jackson-dataformat-cbor-2.18.4.jar, hadoop-client-api-3.3.6.jar, aws-java-sdk-kms-1.12.784.jar, joda-time-2.14.0.jar, hadoop-client-runtime-3.3.6.jar, httpclient-4.5.13.jar, jsr305-3.0.2.jar, commons-logging-1.3.5.jar, aws-java-sdk-core-1.12.784.jar, wildfly-openssl-1.1.3.Final.jar, hadoop-aws-3.3.6.jar, druid-hdfs-storage-34.0.0.jar, commons-codec-1.16.1.jar, jmespath-java-1.12.784.jar, aws-java-sdk-s3-1.12.784.jar, httpcore-4.4.16.jar, slf4j-api-2.0.16.jar, snappy-java-1.1.10.7.jar. Druid extension dependencies [[]]
2025-09-17T12:18:28,283 INFO [main] org.apache.druid.guice.ExtensionsLoader - Loading extension [druid-kafka-indexing-service], jars: zstd-jni-1.5.2-3.jar, druid-kafka-indexing-service-34.0.0.jar, kafka-clients-3.9.1.jar, snappy-java-1.1.10.7.jar, lz4-java-1.8.0.jar. Druid extension dependencies [[]]
2025-09-17T12:18:28,285 INFO [main] org.apache.druid.guice.ExtensionsLoader - Loading extension [druid-datasketches], jars: commons-math3-3.6.1.jar, druid-datasketches-34.0.0.jar. Druid extension dependencies [[]]
2025-09-17T12:18:28,291 INFO [main] org.apache.druid.guice.ExtensionsLoader - Loading extension [druid-multi-stage-query], jars: druid-multi-stage-query-34.0.0.jar. Druid extension dependencies [[]]
2025-09-17T12:18:28,304 INFO [main] org.apache.druid.guice.ExtensionsLoader - Loading extension [druid-parquet-extensions], jars: hadoop-client-api-3.3.6.jar, zstd-jni-1.5.2-3.jar, hadoop-client-runtime-3.3.6.jar, aircompressor-2.0.2.jar, parquet-common-1.15.2.jar, parquet-encoding-1.15.2.jar, jsr305-3.0.2.jar, commons-logging-1.3.5.jar, parquet-column-1.15.2.jar, avro-1.11.4.jar, parquet-jackson-1.15.2.jar, parquet-format-structures-1.15.2.jar, parquet-hadoop-1.15.2.jar, javax.annotation-api-1.3.2.jar, slf4j-api-2.0.16.jar, druid-parquet-extensions-34.0.0.jar, parquet-avro-1.15.2.jar, snappy-java-1.1.10.7.jar. Druid extension dependencies [[]]
2025-09-17T12:18:28,907 WARN [main] org.apache.hadoop.util.NativeCodeLoader - Unable to load native-hadoop library for your platform... using builtin-java classes where applicable
2025-09-17T12:18:29,375 INFO [main] org.apache.druid.guice.JsonConfigurator - Skipping property [druid.emitter.logging.logLevel]: one of it's prefixes [druid] is also used as a property key.
2025-09-17T12:18:29,410 INFO [main] org.apache.druid.server.emitter.EmitterModule - Using emitter [NoopEmitter{}] for metrics and alerts, with dimensions [{version=34.0.0}].
2025-09-17T12:18:29,678 WARN [main] org.apache.druid.segment.indexing.DataSchema - Rollup is enabled for dataSource [data_to_Azure] but no metricsSpec has been provided. Are you sure this is what you want?
2025-09-17T12:18:29,720 INFO [main] org.apache.druid.server.metrics.MetricsModule - Loaded 5 monitors: org.apache.druid.java.util.metrics.JvmMonitor, org.apache.druid.server.metrics.ServiceStatusMonitor, org.apache.druid.query.ExecutorServiceMonitor, org.apache.druid.curator.DruidConnectionStateListener, org.apache.druid.server.initialization.jetty.JettyServerModule$JettyMonitor
2025-09-17T12:18:29,729 INFO [main] org.apache.druid.cli.CliPeon - Starting up with processors [2], memory [268,435,456], maxMemory [268,435,456], directMemory [314,572,800]. Properties follow.
2025-09-17T12:18:29,730 INFO [main] org.apache.druid.cli.CliPeon - * attemptId: 1
2025-09-17T12:18:29,730 INFO [main] org.apache.druid.cli.CliPeon - * druid.azure.account: poc1003
2025-09-17T12:18:29,730 INFO [main] org.apache.druid.cli.CliPeon - * druid.azure.authMode: sas
2025-09-17T12:18:29,730 INFO [main] org.apache.druid.cli.CliPeon - * druid.azure.container: druid-deep-storage
2025-09-17T12:18:29,730 INFO [main] org.apache.druid.cli.CliPeon - * druid.azure.sasToken: sp=rwdl&st=2025-09-17T11:00:00Z&se=2025-09-17T23:59:59Z&skoid=e3643ac4-8e23-4773-a9a1-f478f17b9cdb&sktid=b3b380f7-4c00-4b2e-b115-ad701add980a&skt=2025-09-17T11:00:00Z&ske=2025-09-17T23:59:59Z&sks=b&skv=2024-11-04&spr=https&sv=2024-11-04&sr=c&sig=Y54T%2Fn%2BeyfJflkxHu8W0uEWzEJ1J7aJY7wUSmcI%2FKpc%3D
2025-09-17T12:18:29,730 INFO [main] org.apache.druid.cli.CliPeon - * druid.emitter: noop
2025-09-17T12:18:29,730 INFO [main] org.apache.druid.cli.CliPeon - * druid.emitter.logging.logLevel: info
2025-09-17T12:18:29,730 INFO [main] org.apache.druid.cli.CliPeon - * druid.extensions.loadList: ["druid-hdfs-storage", "druid-kafka-indexing-service", "druid-datasketches", "druid-multi-stage-query", "druid-parquet-extensions"]
2025-09-17T12:18:29,731 INFO [main] org.apache.druid.cli.CliPeon - * druid.host: localhost
2025-09-17T12:18:29,731 INFO [main] org.apache.druid.cli.CliPeon - * druid.indexer.fork.property.druid.processing.buffer.sizeBytes: 25MiB
2025-09-17T12:18:29,731 INFO [main] org.apache.druid.cli.CliPeon - * druid.indexer.fork.property.druid.processing.numMergeBuffers: 2
2025-09-17T12:18:29,731 INFO [main] org.apache.druid.cli.CliPeon - * druid.indexer.fork.property.druid.processing.numThreads: 1
2025-09-17T12:18:29,731 INFO [main] org.apache.druid.cli.CliPeon - * druid.indexer.logs.container: druid-deep-storage
2025-09-17T12:18:29,731 INFO [main] org.apache.druid.cli.CliPeon - * druid.indexer.logs.prefix: tasklogs
2025-09-17T12:18:29,731 INFO [main] org.apache.druid.cli.CliPeon - * druid.indexer.logs.type: file
2025-09-17T12:18:29,731 INFO [main] org.apache.druid.cli.CliPeon - * druid.indexer.runner.javaOptsArray: ["-server","-Xms256m","-Xmx256m","-XX:MaxDirectMemorySize=300m","-Duser.timezone=UTC","-Dfile.encoding=UTF-8","-XX:+ExitOnOutOfMemoryError","-Djava.util.logging.manager=org.apache.logging.log4j.jul.LogManager"]
2025-09-17T12:18:29,731 INFO [main] org.apache.druid.cli.CliPeon - * druid.indexer.task.baseTaskDir: /home/Azureuser/datacartel/apache-druid-34.0.0/var/druid/task/slot0
2025-09-17T12:18:29,731 INFO [main] org.apache.druid.cli.CliPeon - * druid.indexer.task.hadoopWorkingPath: var/druid/hadoop-tmp
2025-09-17T12:18:29,731 INFO [main] org.apache.druid.cli.CliPeon - * druid.indexer.task.tmpStorageBytesPerTask: 4611686018427387903
2025-09-17T12:18:29,731 INFO [main] org.apache.druid.cli.CliPeon - * druid.indexing.doubleStorage: double
2025-09-17T12:18:29,731 INFO [main] org.apache.druid.cli.CliPeon - * druid.log.path: /home/Azureuser/datacartel/apache-druid-34.0.0/bin/../log
2025-09-17T12:18:29,731 INFO [main] org.apache.druid.cli.CliPeon - * druid.lookup.enableLookupSyncOnStartup: false
2025-09-17T12:18:29,732 INFO [main] org.apache.druid.cli.CliPeon - * druid.metadata.storage.connector.connectURI: jdbc:derby://localhost:1527/var/druid/metadata.db;create=true
2025-09-17T12:18:29,732 INFO [main] org.apache.druid.cli.CliPeon - * druid.metadata.storage.connector.host: localhost
2025-09-17T12:18:29,732 INFO [main] org.apache.druid.cli.CliPeon - * druid.metadata.storage.connector.port: 1527
2025-09-17T12:18:29,732 INFO [main] org.apache.druid.cli.CliPeon - * druid.metadata.storage.type: derby
2025-09-17T12:18:29,732 INFO [main] org.apache.druid.cli.CliPeon - * druid.metrics.emitter.dimension.dataSource: data_to_Azure
2025-09-17T12:18:29,732 INFO [main] org.apache.druid.cli.CliPeon - * druid.metrics.emitter.dimension.groupId: index_parallel_data_to_Azure_polkadkl_2025-09-17T12:18:26.004Z
2025-09-17T12:18:29,732 INFO [main] org.apache.druid.cli.CliPeon - * druid.metrics.emitter.dimension.taskId: index_parallel_data_to_Azure_polkadkl_2025-09-17T12:18:26.004Z
2025-09-17T12:18:29,732 INFO [main] org.apache.druid.cli.CliPeon - * druid.metrics.emitter.dimension.taskType: index_parallel
2025-09-17T12:18:29,732 INFO [main] org.apache.druid.cli.CliPeon - * druid.monitoring.monitors: ["org.apache.druid.java.util.metrics.JvmMonitor", "org.apache.druid.server.metrics.ServiceStatusMonitor"]
2025-09-17T12:18:29,732 INFO [main] org.apache.druid.cli.CliPeon - * druid.node.type: middleManager
2025-09-17T12:18:29,732 INFO [main] org.apache.druid.cli.CliPeon - * druid.plaintextPort: 8100
2025-09-17T12:18:29,732 INFO [main] org.apache.druid.cli.CliPeon - * druid.processing.buffer.sizeBytes: 25MiB
2025-09-17T12:18:29,732 INFO [main] org.apache.druid.cli.CliPeon - * druid.processing.numMergeBuffers: 2
2025-09-17T12:18:29,732 INFO [main] org.apache.druid.cli.CliPeon - * druid.processing.numThreads: 1
2025-09-17T12:18:29,732 INFO [main] org.apache.druid.cli.CliPeon - * druid.selectors.coordinator.serviceName: druid/coordinator
2025-09-17T12:18:29,733 INFO [main] org.apache.druid.cli.CliPeon - * druid.selectors.indexing.serviceName: druid/overlord
2025-09-17T12:18:29,733 INFO [main] org.apache.druid.cli.CliPeon - * druid.server.hiddenProperties: ["druid.s3.accessKey","druid.s3.secretKey","druid.metadata.storage.connector.password", "password", "key", "token", "pwd"]
2025-09-17T12:18:29,733 INFO [main] org.apache.druid.cli.CliPeon - * druid.server.http.numThreads: 6
2025-09-17T12:18:29,733 INFO [main] org.apache.druid.cli.CliPeon - * druid.service: druid/middleManager
2025-09-17T12:18:29,733 INFO [main] org.apache.druid.cli.CliPeon - * druid.sql.enable: true
2025-09-17T12:18:29,733 INFO [main] org.apache.druid.cli.CliPeon - * druid.sql.planner.useGroupingSetForExactDistinct: true
2025-09-17T12:18:29,733 INFO [main] org.apache.druid.cli.CliPeon - * druid.startup.logging.logProperties: true
2025-09-17T12:18:29,733 INFO [main] org.apache.druid.cli.CliPeon - * druid.storage.type: azure
2025-09-17T12:18:29,733 INFO [main] org.apache.druid.cli.CliPeon - * druid.task.executor.enablePlaintextPort: true
2025-09-17T12:18:29,733 INFO [main] org.apache.druid.cli.CliPeon - * druid.task.executor.enableTlsPort: false
2025-09-17T12:18:29,733 INFO [main] org.apache.druid.cli.CliPeon - * druid.task.executor.host: localhost
2025-09-17T12:18:29,733 INFO [main] org.apache.druid.cli.CliPeon - * druid.task.executor.plaintextPort: 8091
2025-09-17T12:18:29,733 INFO [main] org.apache.druid.cli.CliPeon - * druid.task.executor.service: druid/middleManager
2025-09-17T12:18:29,733 INFO [main] org.apache.druid.cli.CliPeon - * druid.task.executor.tlsPort: -1
2025-09-17T12:18:29,733 INFO [main] org.apache.druid.cli.CliPeon - * druid.tlsPort: -1
2025-09-17T12:18:29,733 INFO [main] org.apache.druid.cli.CliPeon - * druid.worker.baseTaskDirs: ["var/druid/task"]
2025-09-17T12:18:29,734 INFO [main] org.apache.druid.cli.CliPeon - * druid.worker.capacity: 2
2025-09-17T12:18:29,734 INFO [main] org.apache.druid.cli.CliPeon - * druid.zk.paths.base: /druid
2025-09-17T12:18:29,734 INFO [main] org.apache.druid.cli.CliPeon - * druid.zk.service.host: localhost
2025-09-17T12:18:29,734 INFO [main] org.apache.druid.cli.CliPeon - * file.encoding: UTF-8
2025-09-17T12:18:29,734 INFO [main] org.apache.druid.cli.CliPeon - * file.separator: /
2025-09-17T12:18:29,734 INFO [main] org.apache.druid.cli.CliPeon - * java.class.path: /home/Azureuser/datacartel/apache-druid-34.0.0/conf/druid/single-server/nano-quickstart/middleManager:/home/Azureuser/datacartel/apache-druid-34.0.0/conf/druid/single-server/nano-quickstart/_common:/home/Azureuser/datacartel/apache-druid-34.0.0/conf/druid/single-server/nano-quickstart/_common/hadoop-xml:/home/Azureuser/datacartel/apache-druid-34.0.0/conf/druid/single-server/nano-quickstart/../_common:/home/Azureuser/datacartel/apache-druid-34.0.0/conf/druid/single-server/nano-quickstart/../_common/hadoop-xml:/home/Azureuser/datacartel/apache-druid-34.0.0/bin/../lib/jetty-io-9.4.57.v20241219.jar:/home/Azureuser/datacartel/apache-druid-34.0.0/bin/../lib/graal-sdk-22.3.5.jar:/home/Azureuser/datacartel/apache-druid-34.0.0/bin/../lib/jackson-dataformat-cbor-2.18.4.jar:/home/Azureuser/datacartel/apache-druid-34.0.0/bin/../lib/metrics-core-4.2.22.jar:/home/Azureuser/datacartel/apache-druid-34.0.0/bin/../lib/jakarta.inject-api-1.0.3.jar:/home/Azureuser/datacartel/apache-druid-34.0.0/bin/../lib/netty-common-4.1.122.Final.jar:/home/Azureuser/datacartel/apache-druid-34.0.0/bin/../lib/jetty-server-9.4.57.v20241219.jar:/home/Azureuser/datacartel/apache-druid-34.0.0/bin/../lib/druid-server-34.0.0.jar:/home/Azureuser/datacartel/apache-druid-34.0.0/bin/../lib/zookeeper-jute-3.8.4.jar:/home/Azureuser/datacartel/apache-druid-34.0.0/bin/../lib/google-http-client-gson-1.42.3.jar:/home/Azureuser/datacartel/apache-druid-34.0.0/bin/../lib/jts-core-1.19.0.jar:/home/Azureuser/datacartel/apache-druid-34.0.0/bin/../lib/fastutil-8.5.4.jar:/home/Azureuser/datacartel/apache-druid-34.0.0/bin/../lib/commons-lang3-3.17.0.jar:/home/Azureuser/datacartel/apache-druid-34.0.0/bin/../lib/netty-codec-socks-4.1.122.Final.jar:/home/Azureuser/datacartel/apache-druid-34.0.0/bin/../lib/opencensus-api-0.31.1.jar:/home/Azureuser/datacartel/apache-druid-34.0.0/bin/../lib/maven-resolver-impl-1.3.1.jar:/home/Azureuser/datacartel/apache-druid-34.0.0/bin/../lib/commons-dbcp2-2.0.1.jar:/home/Azureuser/datacartel/apache-druid-34.0.0/bin/../lib/jakarta.xml.bind-api-2.3.3.jar:/home/Azureuser/datacartel/apache-druid-34.0.0/bin/../lib/commons-math3-3.6.1.jar:/home/Azureuser/datacartel/apache-druid-34.0.0/bin/../lib/guava-32.1.3-jre.jar:/home/Azureuser/datacartel/apache-druid-34.0.0/bin/../lib/netty-codec-http-4.1.122.Final.jar:/home/Azureuser/datacartel/apache-druid-34.0.0/bin/../lib/datasketches-java-4.2.0.jar:/home/Azureuser/datacartel/apache-druid-34.0.0/bin/../lib/jackson-jaxrs-smile-provider-2.18.4.jar:/home/Azureuser/datacartel/apache-druid-34.0.0/bin/../lib/aws-java-sdk-kms-1.12.784.jar:/home/Azureuser/datacartel/apache-druid-34.0.0/bin/../lib/jackson-jq-0.0.10.jar:/home/Azureuser/datacartel/apache-druid-34.0.0/bin/../lib/cron-scheduler-0.1.jar:/home/Azureuser/datacartel/apache-druid-34.0.0/bin/../lib/druid-sql-34.0.0.jar:/home/Azureuser/datacartel/apache-druid-34.0.0/bin/../lib/accessors-smart-2.5.2.jar:/home/Azureuser/datacartel/apache-druid-34.0.0/bin/../lib/netty-resolver-dns-4.1.122.Final.jar:/home/Azureuser/datacartel/apache-druid-34.0.0/bin/../lib/datasketches-memory-2.2.0.jar:/home/Azureuser/datacartel/apache-druid-34.0.0/bin/../lib/maven-repository-metadata-3.6.0.jar:/home/Azureuser/datacartel/apache-druid-34.0.0/bin/../lib/druid-aws-common-34.0.0.jar:/home/Azureuser/datacartel/apache-druid-34.0.0/bin/../lib/derby-10.14.2.0.jar:/home/Azureuser/datacartel/apache-druid-34.0.0/bin/../lib/sigar-1.6.5.132.jar:/home/Azureuser/datacartel/apache-druid-34.0.0/bin/../lib/jetty-client-9.4.57.v20241219.jar:/home/Azureuser/datacartel/apache-druid-34.0.0/bin/../lib/zstd-jni-1.5.2-3.jar:/home/Azureuser/datacartel/apache-druid-34.0.0/bin/../lib/joda-time-2.14.0.jar:/home/Azureuser/datacartel/apache-druid-34.0.0/bin/../lib/apiguardian-api-1.1.2.jar:/home/Azureuser/datacartel/apache-druid-34.0.0/bin/../lib/commons-collections-3.2.2.jar:/home/Azureuser/datacartel/apache-druid-34.0.0/bin/../lib/RoaringBitmap-0.9.49.jar:/home/Azureuser/datacartel/apache-druid-34.0.0/bin/../lib/google-http-client-jackson2-1.42.3.jar:/home/Azureuser/datacartel/apache-druid-34.0.0/bin/../lib/aopalliance-1.0.jar:/home/Azureuser/datacartel/apache-druid-34.0.0/bin/../lib/js-22.3.5.jar:/home/Azureuser/datacartel/apache-druid-34.0.0/bin/../lib/google-http-client-1.42.3.jar:/home/Azureuser/datacartel/apache-druid-34.0.0/bin/../lib/disruptor-3.3.6.jar:/home/Azureuser/datacartel/apache-druid-34.0.0/bin/../lib/caffeine-2.8.0.jar:/home/Azureuser/datacartel/apache-druid-34.0.0/bin/../lib/netty-transport-4.1.122.Final.jar:/home/Azureuser/datacartel/apache-druid-34.0.0/bin/../lib/druid-indexing-hadoop-34.0.0.jar:/home/Azureuser/datacartel/apache-druid-34.0.0/bin/../lib/jna-5.13.0.jar:/home/Azureuser/datacartel/apache-druid-34.0.0/bin/../lib/httpcore5-h2-5.2.jar:/home/Azureuser/datacartel/apache-druid-34.0.0/bin/../lib/airline-2.8.4.jar:/home/Azureuser/datacartel/apache-druid-34.0.0/bin/../lib/jcodings-1.0.50.jar:/home/Azureuser/datacartel/apache-druid-34.0.0/bin/../lib/commons-text-1.13.1.jar:/home/Azureuser/datacartel/apache-druid-34.0.0/bin/../lib/protobuf-java-3.25.5.jar:/home/Azureuser/datacartel/apache-druid-34.0.0/bin/../lib/derbynet-10.14.2.0.jar:/home/Azureuser/datacartel/apache-druid-34.0.0/bin/../lib/guice-servlet-5.1.0.jar:/home/Azureuser/datacartel/apache-druid-34.0.0/bin/../lib/maven-model-builder-3.6.0.jar:/home/Azureuser/datacartel/apache-druid-34.0.0/bin/../lib/janino-3.1.11.jar:/home/Azureuser/datacartel/apache-druid-34.0.0/bin/../lib/netty-transport-native-unix-common-4.1.122.Final.jar:/home/Azureuser/datacartel/apache-druid-34.0.0/bin/../lib/jetty-servlets-9.4.57.v20241219.jar:/home/Azureuser/datacartel/apache-druid-34.0.0/bin/../lib/jackson-datatype-guava-2.18.4.jar:/home/Azureuser/datacartel/apache-druid-34.0.0/bin/../lib/jakarta.activation-1.2.2.jar:/home/Azureuser/datacartel/apache-druid-34.0.0/bin/../lib/annotations-26.0.2.jar:/home/Azureuser/datacartel/apache-druid-34.0.0/bin/../lib/jetty-security-9.4.57.v20241219.jar:/home/Azureuser/datacartel/apache-druid-34.0.0/bin/../lib/commons-compiler-3.1.11.jar:/home/Azureuser/datacartel/apache-druid-34.0.0/bin/../lib/netty-3.10.6.Final.jar:/home/Azureuser/datacartel/apache-druid-34.0.0/bin/../lib/jersey-servlet-1.19.4.jar:/home/Azureuser/datacartel/apache-druid-34.0.0/bin/../lib/log4j-core-2.22.1.jar:/home/Azureuser/datacartel/apache-druid-34.0.0/bin/../lib/opencensus-contrib-http-util-0.31.1.jar:/home/Azureuser/datacartel/apache-druid-34.0.0/bin/../lib/jackson-annotations-2.18.4.jar:/home/Azureuser/datacartel/apache-druid-34.0.0/bin/../lib/plexus-component-annotations-1.7.1.jar:/home/Azureuser/datacartel/apache-druid-34.0.0/bin/../lib/jackson-module-guice-2.18.4.jar:/home/Azureuser/datacartel/apache-druid-34.0.0/bin/../lib/regex-22.3.5.jar:/home/Azureuser/datacartel/apache-druid-34.0.0/bin/../lib/jts-io-common-1.19.0.jar:/home/Azureuser/datacartel/apache-druid-34.0.0/bin/../lib/jackson-jaxrs-base-2.18.4.jar:/home/Azureuser/datacartel/apache-druid-34.0.0/bin/../lib/httpclient-4.5.13.jar:/home/Azureuser/datacartel/apache-druid-34.0.0/bin/../lib/maven-resolver-connector-basic-1.3.1.jar:/home/Azureuser/datacartel/apache-druid-34.0.0/bin/../lib/joni-2.1.34.jar:/home/Azureuser/datacartel/apache-druid-34.0.0/bin/../lib/log4j-jul-2.22.1.jar:/home/Azureuser/datacartel/apache-druid-34.0.0/bin/../lib/log4j-api-2.22.1.jar:/home/Azureuser/datacartel/apache-druid-34.0.0/bin/../lib/jackson-core-2.18.4.1.jar:/home/Azureuser/datacartel/apache-druid-34.0.0/bin/../lib/httpclient5-5.2.1.jar:/home/Azureuser/datacartel/apache-druid-34.0.0/bin/../lib/jsr305-3.0.2.jar:/home/Azureuser/datacartel/apache-druid-34.0.0/bin/../lib/maven-model-3.6.0.jar:/home/Azureuser/datacartel/apache-druid-34.0.0/bin/../lib/js-scriptengine-22.3.5.jar:/home/Azureuser/datacartel/apache-druid-34.0.0/bin/../lib/javax.servlet-api-3.1.0.jar:/home/Azureuser/datacartel/apache-druid-34.0.0/bin/../lib/druid-services-34.0.0.jar:/home/Azureuser/datacartel/apache-druid-34.0.0/bin/../lib/jersey-guice-1.19.4.jar:/home/Azureuser/datacartel/apache-druid-34.0.0/bin/../lib/grpc-context-1.27.2.jar:/home/Azureuser/datacartel/apache-druid-34.0.0/bin/../lib/curator-recipes-5.8.0.jar:/home/Azureuser/datacartel/apache-druid-34.0.0/bin/../lib/xz-1.9.jar:/home/Azureuser/datacartel/apache-druid-34.0.0/bin/../lib/fastutil-extra-8.5.4.jar:/home/Azureuser/datacartel/apache-druid-34.0.0/bin/../lib/commons-logging-1.3.5.jar:/home/Azureuser/datacartel/apache-druid-34.0.0/bin/../lib/proj4j-1.2.2.jar:/home/Azureuser/datacartel/apache-druid-34.0.0/bin/../lib/maven-builder-support-3.6.0.jar:/home/Azureuser/datacartel/apache-druid-34.0.0/bin/../lib/jetty-util-ajax-9.4.57.v20241219.jar:/home/Azureuser/datacartel/apache-druid-34.0.0/bin/../lib/jakarta.validation-api-2.0.2.jar:/home/Azureuser/datacartel/apache-druid-34.0.0/bin/../lib/netty-buffer-4.1.122.Final.jar:/home/Azureuser/datacartel/apache-druid-34.0.0/bin/../lib/zookeeper-3.8.4.jar:/home/Azureuser/datacartel/apache-druid-34.0.0/bin/../lib/jaxb-runtime-2.3.3.jar:/home/Azureuser/datacartel/apache-druid-34.0.0/bin/../lib/maven-resolver-api-1.3.1.jar:/home/Azureuser/datacartel/apache-druid-34.0.0/bin/../lib/jetty-proxy-9.4.57.v20241219.jar:/home/Azureuser/datacartel/apache-druid-34.0.0/bin/../lib/json-simple-1.1.1.jar:/home/Azureuser/datacartel/apache-druid-34.0.0/bin/../lib/guice-5.1.0.jar:/home/Azureuser/datacartel/apache-druid-34.0.0/bin/../lib/jna-platform-5.13.0.jar:/home/Azureuser/datacartel/apache-druid-34.0.0/bin/../lib/curator-framework-5.8.0.jar:/home/Azureuser/datacartel/apache-druid-34.0.0/bin/../lib/aws-java-sdk-core-1.12.784.jar:/home/Azureuser/datacartel/apache-druid-34.0.0/bin/../lib/vavr-0.10.2.jar:/home/Azureuser/datacartel/apache-druid-34.0.0/bin/../lib/calcite-core-1.37.0.jar:/home/Azureuser/datacartel/apache-druid-34.0.0/bin/../lib/netty-codec-4.1.122.Final.jar:/home/Azureuser/datacartel/apache-druid-34.0.0/bin/../lib/jackson-jaxrs-json-provider-2.18.4.jar:/home/Azureuser/datacartel/apache-druid-34.0.0/bin/../lib/jetty-servlet-9.4.57.v20241219.jar:/home/Azureuser/datacartel/apache-druid-34.0.0/bin/../lib/asm-commons-9.8.jar:/home/Azureuser/datacartel/apache-druid-34.0.0/bin/../lib/avatica-metrics-1.25.0.jar:/home/Azureuser/datacartel/apache-druid-34.0.0/bin/../lib/google-api-client-2.2.0.jar:/home/Azureuser/datacartel/apache-druid-34.0.0/bin/../lib/j2objc-annotations-2.8.jar:/home/Azureuser/datacartel/apache-druid-34.0.0/bin/../lib/javax.inject-1.jar:/home/Azureuser/datacartel/apache-druid-34.0.0/bin/../lib/maven-resolver-transport-http-1.3.1.jar:/home/Azureuser/datacartel/apache-druid-34.0.0/bin/../lib/hibernate-validator-6.2.5.Final.jar:/home/Azureuser/datacartel/apache-druid-34.0.0/bin/../lib/commons-io-2.17.0.jar:/home/Azureuser/datacartel/apache-druid-34.0.0/bin/../lib/maven-artifact-3.6.0.jar:/home/Azureuser/datacartel/apache-druid-34.0.0/bin/../lib/jboss-logging-3.4.1.Final.jar:/home/Azureuser/datacartel/apache-druid-34.0.0/bin/../lib/json-smart-2.5.2.jar:/home/Azureuser/datacartel/apache-druid-34.0.0/bin/../lib/jdbi-2.63.1.jar:/home/Azureuser/datacartel/apache-druid-34.0.0/bin/../lib/async-http-client-3.0.2.jar:/home/Azureuser/datacartel/apache-druid-34.0.0/bin/../lib/google-oauth-client-1.34.1.jar:/home/Azureuser/datacartel/apache-druid-34.0.0/bin/../lib/ipaddress-5.3.4.jar:/home/Azureuser/datacartel/apache-druid-34.0.0/bin/../lib/jetty-http-9.4.57.v20241219.jar:/home/Azureuser/datacartel/apache-druid-34.0.0/bin/../lib/httpcore5-5.2.3.jar:/home/Azureuser/datacartel/apache-druid-34.0.0/bin/../lib/guice-assistedinject-5.1.0.jar:/home/Azureuser/datacartel/apache-druid-34.0.0/bin/../lib/jackson-module-jaxb-annotations-2.18.4.jar:/home/Azureuser/datacartel/apache-druid-34.0.0/bin/../lib/cron-utils-9.2.0.jar:/home/Azureuser/datacartel/apache-druid-34.0.0/bin/../lib/log4j-1.2-api-2.22.1.jar:/home/Azureuser/datacartel/apache-druid-34.0.0/bin/../lib/jcl-over-slf4j-2.0.16.jar:/home/Azureuser/datacartel/apache-druid-34.0.0/bin/../lib/opencsv-4.6.jar:/home/Azureuser/datacartel/apache-druid-34.0.0/bin/../lib/jackson-databind-2.18.4.jar:/home/Azureuser/datacartel/apache-druid-34.0.0/bin/../lib/resilience4j-core-1.3.1.jar:/home/Azureuser/datacartel/apache-druid-34.0.0/bin/../lib/maven-resolver-provider-3.6.0.jar:/home/Azureuser/datacartel/apache-druid-34.0.0/bin/../lib/avatica-server-1.25.0.jar:/home/Azureuser/datacartel/apache-druid-34.0.0/bin/../lib/rhino-1.7.14.jar:/home/Azureuser/datacartel/apache-druid-34.0.0/bin/../lib/curator-client-5.8.0.jar:/home/Azureuser/datacartel/apache-druid-34.0.0/bin/../lib/asm-tree-9.8.jar:/home/Azureuser/datacartel/apache-druid-34.0.0/bin/../lib/commons-compress-1.26.0.jar:/home/Azureuser/datacartel/apache-druid-34.0.0/bin/../lib/derbyclient-10.14.2.0.jar:/home/Azureuser/datacartel/apache-druid-34.0.0/bin/../lib/netty-handler-4.1.122.Final.jar:/home/Azureuser/datacartel/apache-druid-34.0.0/bin/../lib/google-http-client-apache-v2-1.42.3.jar:/home/Azureuser/datacartel/apache-druid-34.0.0/bin/../lib/plexus-interpolation-1.25.jar:/home/Azureuser/datacartel/apache-druid-34.0.0/bin/../lib/classmate-1.5.1.jar:/home/Azureuser/datacartel/apache-druid-34.0.0/bin/../lib/druid-gcp-common-34.0.0.jar:/home/Azureuser/datacartel/apache-druid-34.0.0/bin/../lib/jetty-rewrite-9.4.57.v20241219.jar:/home/Azureuser/datacartel/apache-druid-34.0.0/bin/../lib/shims-0.9.49.jar:/home/Azureuser/datacartel/apache-druid-34.0.0/bin/../lib/error_prone_annotations-2.35.1.jar:/home/Azureuser/datacartel/apache-druid-34.0.0/bin/../lib/commons-beanutils-1.11.0.jar:/home/Azureuser/datacartel/apache-druid-34.0.0/bin/../lib/commons-pool2-2.2.jar:/home/Azureuser/datacartel/apache-druid-34.0.0/bin/../lib/uzaygezen-core-0.2.jar:/home/Azureuser/datacartel/apache-druid-34.0.0/bin/../lib/avatica-core-1.25.0.jar:/home/Azureuser/datacartel/apache-druid-34.0.0/bin/../lib/commons-collections4-4.2.jar:/home/Azureuser/datacartel/apache-druid-34.0.0/bin/../lib/commons-codec-1.16.1.jar:/home/Azureuser/datacartel/apache-druid-34.0.0/bin/../lib/jersey-core-1.19.4.jar:/home/Azureuser/datacartel/apache-druid-34.0.0/bin/../lib/curator-x-discovery-5.8.0.jar:/home/Azureuser/datacartel/apache-druid-34.0.0/bin/../lib/icu4j-73.2.jar:/home/Azureuser/datacartel/apache-druid-34.0.0/bin/../lib/jetty-util-9.4.57.v20241219.jar:/home/Azureuser/datacartel/apache-druid-34.0.0/bin/../lib/jetty-continuation-9.4.57.v20241219.jar:/home/Azureuser/datacartel/apache-druid-34.0.0/bin/../lib/plexus-utils-3.1.0.jar:/home/Azureuser/datacartel/apache-druid-34.0.0/bin/../lib/jackson-datatype-joda-2.18.4.jar:/home/Azureuser/datacartel/apache-druid-34.0.0/bin/../lib/jmespath-java-1.12.784.jar:/home/Azureuser/datacartel/apache-druid-34.0.0/bin/../lib/fastutil-core-8.5.4.jar:/home/Azureuser/datacartel/apache-druid-34.0.0/bin/../lib/checker-qual-3.48.1.jar:/home/Azureuser/datacartel/apache-druid-34.0.0/bin/../lib/aws-java-sdk-sts-1.12.784.jar:/home/Azureuser/datacartel/apache-druid-34.0.0/bin/../lib/netty-handler-proxy-4.1.122.Final.jar:/home/Azureuser/datacartel/apache-druid-34.0.0/bin/../lib/jsr311-api-1.1.1.jar:/home/Azureuser/datacartel/apache-druid-34.0.0/bin/../lib/web-console-34.0.0.jar:/home/Azureuser/datacartel/apache-druid-34.0.0/bin/../lib/druid-processing-34.0.0.jar:/home/Azureuser/datacartel/apache-druid-34.0.0/bin/../lib/jakarta.activation-api-1.2.2.jar:/home/Azureuser/datacartel/apache-druid-34.0.0/bin/../lib/log4j-slf4j2-impl-2.22.1.jar:/home/Azureuser/datacartel/apache-druid-34.0.0/bin/../lib/asm-9.8.jar:/home/Azureuser/datacartel/apache-druid-34.0.0/bin/../lib/maven-resolver-spi-1.3.1.jar:/home/Azureuser/datacartel/apache-druid-34.0.0/bin/../lib/txw2-2.3.3.jar:/home/Azureuser/datacartel/apache-druid-34.0.0/bin/../lib/druid-indexing-service-34.0.0.jar:/home/Azureuser/datacartel/apache-druid-34.0.0/bin/../lib/calcite-linq4j-1.37.0.jar:/home/Azureuser/datacartel/apache-druid-34.0.0/bin/../lib/jackson-dataformat-smile-2.18.4.jar:/home/Azureuser/datacartel/apache-druid-34.0.0/bin/../lib/aws-java-sdk-s3-1.12.784.jar:/home/Azureuser/datacartel/apache-druid-34.0.0/bin/../lib/oshi-core-6.4.4.jar:/home/Azureuser/datacartel/apache-druid-34.0.0/bin/../lib/httpcore-4.4.16.jar:/home/Azureuser/datacartel/apache-druid-34.0.0/bin/../lib/vavr-match-0.10.2.jar:/home/Azureuser/datacartel/apache-druid-34.0.0/bin/../lib/slf4j-api-2.0.16.jar:/home/Azureuser/datacartel/apache-druid-34.0.0/bin/../lib/maven-resolver-util-1.3.1.jar:/home/Azureuser/datacartel/apache-druid-34.0.0/bin/../lib/resilience4j-bulkhead-1.3.1.jar:/home/Azureuser/datacartel/apache-druid-34.0.0/bin/../lib/javax.el-api-3.0.0.jar:/home/Azureuser/datacartel/apache-druid-34.0.0/bin/../lib/istack-commons-runtime-3.0.11.jar:/home/Azureuser/datacartel/apache-druid-34.0.0/bin/../lib/netty-codec-dns-4.1.122.Final.jar:/home/Azureuser/datacartel/apache-druid-34.0.0/bin/../lib/truffle-api-22.3.5.jar:/home/Azureuser/datacartel/apache-druid-34.0.0/bin/../lib/aws-java-sdk-ec2-1.12.784.jar:/home/Azureuser/datacartel/apache-druid-34.0.0/bin/../lib/snappy-java-1.1.10.7.jar:/home/Azureuser/datacartel/apache-druid-34.0.0/bin/../lib/antlr4-runtime-4.5.3.jar:/home/Azureuser/datacartel/apache-druid-34.0.0/bin/../lib/netty-resolver-4.1.122.Final.jar:/home/Azureuser/datacartel/apache-druid-34.0.0/bin/../lib/compress-lzf-1.0.4.jar:/home/Azureuser/datacartel/apache-druid-34.0.0/bin/../lib/lz4-java-1.8.0.jar:/home/Azureuser/datacartel/apache-druid-34.0.0/bin/../lib/json-path-2.9.0.jar:/home/Azureuser/datacartel/apache-druid-34.0.0/bin/../lib/audience-annotations-0.12.0.jar:/home/Azureuser/datacartel/apache-druid-34.0.0/bin/../lib/jersey-server-1.19.4.jar:/home/Azureuser/datacartel/apache-druid-34.0.0/bin/../lib/jakarta.el-3.0.4.jar:/home/Azureuser/datacartel/apache-druid-34.0.0/bin/../lib/gson-2.10.1.jar:/home/Azureuser/datacartel/apache-druid-34.0.0/bin/../lib/failureaccess-1.0.1.jar:/home/Azureuser/datacartel/apache-druid-34.0.0/bin/../lib/airline-io-2.8.4.jar:/home/Azureuser/datacartel/apache-druid-34.0.0/bin/../lib/elasticache-java-cluster-client-1.2.0.jar
2025-09-17T12:18:29,735 INFO [main] org.apache.druid.cli.CliPeon - * java.class.version: 61.0
2025-09-17T12:18:29,735 INFO [main] org.apache.druid.cli.CliPeon - * java.home: /usr/lib/jvm/java-17-openjdk-amd64
2025-09-17T12:18:29,735 INFO [main] org.apache.druid.cli.CliPeon - * java.io.tmpdir: var/tmp
2025-09-17T12:18:29,735 INFO [main] org.apache.druid.cli.CliPeon - * java.library.path: /usr/java/packages/lib:/usr/lib/x86_64-linux-gnu/jni:/lib/x86_64-linux-gnu:/usr/lib/x86_64-linux-gnu:/usr/lib/jni:/lib:/usr/lib
2025-09-17T12:18:29,735 INFO [main] org.apache.druid.cli.CliPeon - * java.runtime.name: OpenJDK Runtime Environment
2025-09-17T12:18:29,735 INFO [main] org.apache.druid.cli.CliPeon - * java.runtime.version: 17.0.16+8-Ubuntu-0ubuntu124.04.1
2025-09-17T12:18:29,735 INFO [main] org.apache.druid.cli.CliPeon - * java.specification.maintenance.version: 1
2025-09-17T12:18:29,735 INFO [main] org.apache.druid.cli.CliPeon - * java.specification.name: Java Platform API Specification
2025-09-17T12:18:29,735 INFO [main] org.apache.druid.cli.CliPeon - * java.specification.vendor: Oracle Corporation
2025-09-17T12:18:29,735 INFO [main] org.apache.druid.cli.CliPeon - * java.specification.version: 17
2025-09-17T12:18:29,735 INFO [main] org.apache.druid.cli.CliPeon - * java.util.logging.manager: org.apache.logging.log4j.jul.LogManager
2025-09-17T12:18:29,735 INFO [main] org.apache.druid.cli.CliPeon - * java.vendor: Ubuntu
2025-09-17T12:18:29,735 INFO [main] org.apache.druid.cli.CliPeon - * java.vendor.url: https://ubuntu.com/
2025-09-17T12:18:29,735 INFO [main] org.apache.druid.cli.CliPeon - * java.vendor.url.bug: https://bugs.launchpad.net/ubuntu/+source/openjdk-17
2025-09-17T12:18:29,735 INFO [main] org.apache.druid.cli.CliPeon - * java.version: 17.0.16
2025-09-17T12:18:29,735 INFO [main] org.apache.druid.cli.CliPeon - * java.version.date: 2025-07-15
2025-09-17T12:18:29,736 INFO [main] org.apache.druid.cli.CliPeon - * java.vm.compressedOopsMode: 32-bit
2025-09-17T12:18:29,736 INFO [main] org.apache.druid.cli.CliPeon - * java.vm.info: mixed mode, sharing
2025-09-17T12:18:29,736 INFO [main] org.apache.druid.cli.CliPeon - * java.vm.name: OpenJDK 64-Bit Server VM
2025-09-17T12:18:29,736 INFO [main] org.apache.druid.cli.CliPeon - * java.vm.specification.name: Java Virtual Machine Specification
2025-09-17T12:18:29,736 INFO [main] org.apache.druid.cli.CliPeon - * java.vm.specification.vendor: Oracle Corporation
2025-09-17T12:18:29,736 INFO [main] org.apache.druid.cli.CliPeon - * java.vm.specification.version: 17
2025-09-17T12:18:29,736 INFO [main] org.apache.druid.cli.CliPeon - * java.vm.vendor: Ubuntu
2025-09-17T12:18:29,736 INFO [main] org.apache.druid.cli.CliPeon - * java.vm.version: 17.0.16+8-Ubuntu-0ubuntu124.04.1
2025-09-17T12:18:29,736 INFO [main] org.apache.druid.cli.CliPeon - * jdk.debug: release
2025-09-17T12:18:29,736 INFO [main] org.apache.druid.cli.CliPeon - * line.separator: 

2025-09-17T12:18:29,736 INFO [main] org.apache.druid.cli.CliPeon - * log4j.shutdownCallbackRegistry: org.apache.druid.common.config.Log4jShutdown
2025-09-17T12:18:29,736 INFO [main] org.apache.druid.cli.CliPeon - * log4j.shutdownHookEnabled: true
2025-09-17T12:18:29,736 INFO [main] org.apache.druid.cli.CliPeon - * log4j2.configurationFactory: org.apache.druid.indexing.common.tasklogs.ConsoleLoggingEnforcementConfigurationFactory
2025-09-17T12:18:29,736 INFO [main] org.apache.druid.cli.CliPeon - * log4j2.is.webapp: false
2025-09-17T12:18:29,737 INFO [main] org.apache.druid.cli.CliPeon - * native.encoding: UTF-8
2025-09-17T12:18:29,737 INFO [main] org.apache.druid.cli.CliPeon - * os.arch: amd64
2025-09-17T12:18:29,737 INFO [main] org.apache.druid.cli.CliPeon - * os.name: Linux
2025-09-17T12:18:29,737 INFO [main] org.apache.druid.cli.CliPeon - * os.version: 6.11.0-1018-azure
2025-09-17T12:18:29,737 INFO [main] org.apache.druid.cli.CliPeon - * path.separator: :
2025-09-17T12:18:29,737 INFO [main] org.apache.druid.cli.CliPeon - * sun.arch.data.model: 64
2025-09-17T12:18:29,737 INFO [main] org.apache.druid.cli.CliPeon - * sun.boot.library.path: /usr/lib/jvm/java-17-openjdk-amd64/lib
2025-09-17T12:18:29,737 INFO [main] org.apache.druid.cli.CliPeon - * sun.cpu.endian: little
2025-09-17T12:18:29,737 INFO [main] org.apache.druid.cli.CliPeon - * sun.io.unicode.encoding: UnicodeLittle
2025-09-17T12:18:29,737 INFO [main] org.apache.druid.cli.CliPeon - * sun.java.command: org.apache.druid.cli.Main internal peon var/druid/task/slot0/index_parallel_data_to_Azure_polkadkl_2025-09-17T12:18:26.004Z 1 --loadBroadcastDatasourceMode ALL
2025-09-17T12:18:29,737 INFO [main] org.apache.druid.cli.CliPeon - * sun.java.launcher: SUN_STANDARD
2025-09-17T12:18:29,737 INFO [main] org.apache.druid.cli.CliPeon - * sun.jnu.encoding: UTF-8
2025-09-17T12:18:29,737 INFO [main] org.apache.druid.cli.CliPeon - * sun.management.compiler: HotSpot 64-Bit Tiered Compilers
2025-09-17T12:18:29,738 INFO [main] org.apache.druid.cli.CliPeon - * user.dir: /home/Azureuser/datacartel/apache-druid-34.0.0
2025-09-17T12:18:29,738 INFO [main] org.apache.druid.cli.CliPeon - * user.home: /home/Azureuser
2025-09-17T12:18:29,738 INFO [main] org.apache.druid.cli.CliPeon - * user.language: en
2025-09-17T12:18:29,738 INFO [main] org.apache.druid.cli.CliPeon - * user.name: Azureuser
2025-09-17T12:18:29,738 INFO [main] org.apache.druid.cli.CliPeon - * user.timezone: UTC
2025-09-17T12:18:29,893 ERROR [main] org.apache.druid.cli.CliPeon - Error when starting up.  Failing.
com.google.inject.ProvisionException: Unable to provision, see the following errors:

1) Unknown provider [azure] of Key[type=DataSegmentPusher, annotation=[none]], known options [[hdfs, local]]
  at PolyBind.createChoice(PolyBind.java:72)
      \_ installed by: Modules$OverrideModule -> Modules$OverrideModule -> LocalDataStorageDruidModule
  at TaskToolboxFactory.<init>(TaskToolboxFactory.java:173)
      \_ for 7th parameter
  at CliPeon.bindTaskConfigAndClients(CliPeon.java:495)
      \_ installed by: Modules$OverrideModule -> Modules$OverrideModule -> CliPeon$1
  at SingleTaskBackgroundRunner.<init>(SingleTaskBackgroundRunner.java:97)
      \_ for 1st parameter
  at CliPeon$1.configure(CliPeon.java:278)
      \_ installed by: Modules$OverrideModule -> Modules$OverrideModule -> CliPeon$1
  while locating SingleTaskBackgroundRunner
  at ExecutorLifecycle.<init>(ExecutorLifecycle.java:81)
      \_ for 4th parameter
  at CliPeon$1.configure(CliPeon.java:253)
      \_ installed by: Modules$OverrideModule -> Modules$OverrideModule -> CliPeon$1
  while locating ExecutorLifecycle

1 error

======================
Full classname legend:
======================
CliPeon:                     "org.apache.druid.cli.CliPeon"
CliPeon$1:                   "org.apache.druid.cli.CliPeon$1"
DataSegmentPusher:           "org.apache.druid.segment.loading.DataSegmentPusher"
ExecutorLifecycle:           "org.apache.druid.indexing.worker.executor.ExecutorLifecycle"
LocalDataStorageDruidModule: "org.apache.druid.guice.LocalDataStorageDruidModule"
Modules$OverrideModule:      "com.google.inject.util.Modules$OverrideModule"
PolyBind:                    "org.apache.druid.guice.PolyBind"
SingleTaskBackgroundRunner:  "org.apache.druid.indexing.overlord.SingleTaskBackgroundRunner"
TaskToolboxFactory:          "org.apache.druid.indexing.common.TaskToolboxFactory"
========================
End of classname legend:
========================

	at com.google.inject.internal.InternalProvisionException.toProvisionException(InternalProvisionException.java:251) ~[guice-5.1.0.jar:?]
	at com.google.inject.internal.InjectorImpl$1.get(InjectorImpl.java:1104) ~[guice-5.1.0.jar:?]
	at com.google.inject.internal.InjectorImpl.getInstance(InjectorImpl.java:1134) ~[guice-5.1.0.jar:?]
	at org.apache.druid.guice.LifecycleModule$2.start(LifecycleModule.java:150) ~[druid-processing-34.0.0.jar:34.0.0]
	at org.apache.druid.cli.GuiceRunnable.initLifecycle(GuiceRunnable.java:137) [druid-services-34.0.0.jar:34.0.0]
	at org.apache.druid.cli.GuiceRunnable.initLifecycle(GuiceRunnable.java:94) [druid-services-34.0.0.jar:34.0.0]
	at org.apache.druid.cli.CliPeon.run(CliPeon.java:390) [druid-services-34.0.0.jar:34.0.0]
	at org.apache.druid.cli.Main.main(Main.java:112) [druid-services-34.0.0.jar:34.0.0]
