2025-09-16T11:24:52,479 INFO [main] org.apache.zookeeper.server.quorum.QuorumPeerConfig - Reading configuration from: /home/Azureuser/datacartel/apache-druid-34.0.0/conf/zk/zoo.cfg
2025-09-16T11:24:52,505 WARN [main] org.apache.zookeeper.server.quorum.QuorumPeerConfig - var/zk is relative. Prepend ./ to indicate that you're sure!
2025-09-16T11:24:52,533 INFO [main] org.apache.zookeeper.server.quorum.QuorumPeerConfig - clientPortAddress is 0.0.0.0:2181
2025-09-16T11:24:52,533 INFO [main] org.apache.zookeeper.server.quorum.QuorumPeerConfig - secureClientPort is not set
2025-09-16T11:24:52,533 INFO [main] org.apache.zookeeper.server.quorum.QuorumPeerConfig - observerMasterPort is not set
2025-09-16T11:24:52,533 INFO [main] org.apache.zookeeper.server.quorum.QuorumPeerConfig - metricsProvider.className is org.apache.zookeeper.metrics.impl.DefaultMetricsProvider
2025-09-16T11:24:52,542 INFO [main] org.apache.zookeeper.server.DatadirCleanupManager - autopurge.snapRetainCount set to 5
2025-09-16T11:24:52,543 INFO [main] org.apache.zookeeper.server.DatadirCleanupManager - autopurge.purgeInterval set to 1
2025-09-16T11:24:52,548 WARN [main] org.apache.zookeeper.server.quorum.QuorumPeerMain - Either no config or no quorum defined in config, running in standalone mode
2025-09-16T11:24:52,550 INFO [PurgeTask] org.apache.zookeeper.server.DatadirCleanupManager - Purge task started.
2025-09-16T11:24:52,550 INFO [main] org.apache.zookeeper.jmx.ManagedUtil - Log4j 1.2 jmx support is disabled by property.
2025-09-16T11:24:52,560 INFO [PurgeTask] org.apache.zookeeper.server.persistence.FileTxnSnapLog - zookeeper.snapshot.trust.empty : false
2025-09-16T11:24:52,564 INFO [main] org.apache.zookeeper.server.quorum.QuorumPeerConfig - Reading configuration from: /home/Azureuser/datacartel/apache-druid-34.0.0/conf/zk/zoo.cfg
2025-09-16T11:24:52,565 WARN [main] org.apache.zookeeper.server.quorum.QuorumPeerConfig - var/zk is relative. Prepend ./ to indicate that you're sure!
2025-09-16T11:24:52,565 INFO [main] org.apache.zookeeper.server.quorum.QuorumPeerConfig - clientPortAddress is 0.0.0.0:2181
2025-09-16T11:24:52,565 INFO [main] org.apache.zookeeper.server.quorum.QuorumPeerConfig - secureClientPort is not set
2025-09-16T11:24:52,565 INFO [main] org.apache.zookeeper.server.quorum.QuorumPeerConfig - observerMasterPort is not set
2025-09-16T11:24:52,565 INFO [main] org.apache.zookeeper.server.quorum.QuorumPeerConfig - metricsProvider.className is org.apache.zookeeper.metrics.impl.DefaultMetricsProvider
2025-09-16T11:24:52,565 INFO [main] org.apache.zookeeper.server.ZooKeeperServerMain - Starting server
2025-09-16T11:24:52,590 INFO [PurgeTask] org.apache.zookeeper.server.DatadirCleanupManager - Purge task completed.
2025-09-16T11:24:52,613 INFO [main] org.apache.zookeeper.server.ServerMetrics - ServerMetrics initialized with provider org.apache.zookeeper.metrics.impl.DefaultMetricsProvider@5e403b4a
2025-09-16T11:24:52,670 INFO [main] org.apache.zookeeper.server.auth.DigestAuthenticationProvider - ACL digest algorithm is: SHA1
2025-09-16T11:24:52,670 INFO [main] org.apache.zookeeper.server.auth.DigestAuthenticationProvider - zookeeper.DigestAuthenticationProvider.enabled = true
2025-09-16T11:24:52,670 INFO [main] org.apache.zookeeper.server.persistence.FileTxnSnapLog - zookeeper.snapshot.trust.empty : false
2025-09-16T11:24:52,686 INFO [main] org.apache.zookeeper.server.ZooKeeperServer - 
2025-09-16T11:24:52,686 INFO [main] org.apache.zookeeper.server.ZooKeeperServer -   ______                  _                                          
2025-09-16T11:24:52,686 INFO [main] org.apache.zookeeper.server.ZooKeeperServer -  |___  /                 | |                                         
2025-09-16T11:24:52,687 INFO [main] org.apache.zookeeper.server.ZooKeeperServer -     / /    ___     ___   | | __   ___    ___   _ __     ___   _ __   
2025-09-16T11:24:52,687 INFO [main] org.apache.zookeeper.server.ZooKeeperServer -    / /    / _ \   / _ \  | |/ /  / _ \  / _ \ | '_ \   / _ \ | '__|
2025-09-16T11:24:52,687 INFO [main] org.apache.zookeeper.server.ZooKeeperServer -   / /__  | (_) | | (_) | |   <  |  __/ |  __/ | |_) | |  __/ | |    
2025-09-16T11:24:52,687 INFO [main] org.apache.zookeeper.server.ZooKeeperServer -  /_____|  \___/   \___/  |_|\_\  \___|  \___| | .__/   \___| |_|
2025-09-16T11:24:52,687 INFO [main] org.apache.zookeeper.server.ZooKeeperServer -                                               | |                     
2025-09-16T11:24:52,687 INFO [main] org.apache.zookeeper.server.ZooKeeperServer -                                               |_|                     
2025-09-16T11:24:52,687 INFO [main] org.apache.zookeeper.server.ZooKeeperServer - 
2025-09-16T11:24:52,701 INFO [main] org.apache.zookeeper.server.ZooKeeperServer - Server environment:zookeeper.version=3.8.4-9316c2a7a97e1666d8f4593f34dd6fc36ecc436c, built on 2024-02-12 22:16 UTC
2025-09-16T11:24:52,701 INFO [main] org.apache.zookeeper.server.ZooKeeperServer - Server environment:host.name=datacartel.internal.cloudapp.net
2025-09-16T11:24:52,701 INFO [main] org.apache.zookeeper.server.ZooKeeperServer - Server environment:java.version=17.0.16
2025-09-16T11:24:52,701 INFO [main] org.apache.zookeeper.server.ZooKeeperServer - Server environment:java.vendor=Ubuntu
2025-09-16T11:24:52,701 INFO [main] org.apache.zookeeper.server.ZooKeeperServer - Server environment:java.home=/usr/lib/jvm/java-17-openjdk-amd64
2025-09-16T11:24:52,702 INFO [main] org.apache.zookeeper.server.ZooKeeperServer - Server environment:java.class.path=/home/Azureuser/datacartel/apache-druid-34.0.0/bin/../lib/jetty-io-9.4.57.v20241219.jar:/home/Azureuser/datacartel/apache-druid-34.0.0/bin/../lib/graal-sdk-22.3.5.jar:/home/Azureuser/datacartel/apache-druid-34.0.0/bin/../lib/jackson-dataformat-cbor-2.18.4.jar:/home/Azureuser/datacartel/apache-druid-34.0.0/bin/../lib/metrics-core-4.2.22.jar:/home/Azureuser/datacartel/apache-druid-34.0.0/bin/../lib/jakarta.inject-api-1.0.3.jar:/home/Azureuser/datacartel/apache-druid-34.0.0/bin/../lib/netty-common-4.1.122.Final.jar:/home/Azureuser/datacartel/apache-druid-34.0.0/bin/../lib/jetty-server-9.4.57.v20241219.jar:/home/Azureuser/datacartel/apache-druid-34.0.0/bin/../lib/druid-server-34.0.0.jar:/home/Azureuser/datacartel/apache-druid-34.0.0/bin/../lib/zookeeper-jute-3.8.4.jar:/home/Azureuser/datacartel/apache-druid-34.0.0/bin/../lib/google-http-client-gson-1.42.3.jar:/home/Azureuser/datacartel/apache-druid-34.0.0/bin/../lib/jts-core-1.19.0.jar:/home/Azureuser/datacartel/apache-druid-34.0.0/bin/../lib/fastutil-8.5.4.jar:/home/Azureuser/datacartel/apache-druid-34.0.0/bin/../lib/commons-lang3-3.17.0.jar:/home/Azureuser/datacartel/apache-druid-34.0.0/bin/../lib/netty-codec-socks-4.1.122.Final.jar:/home/Azureuser/datacartel/apache-druid-34.0.0/bin/../lib/opencensus-api-0.31.1.jar:/home/Azureuser/datacartel/apache-druid-34.0.0/bin/../lib/maven-resolver-impl-1.3.1.jar:/home/Azureuser/datacartel/apache-druid-34.0.0/bin/../lib/commons-dbcp2-2.0.1.jar:/home/Azureuser/datacartel/apache-druid-34.0.0/bin/../lib/jakarta.xml.bind-api-2.3.3.jar:/home/Azureuser/datacartel/apache-druid-34.0.0/bin/../lib/commons-math3-3.6.1.jar:/home/Azureuser/datacartel/apache-druid-34.0.0/bin/../lib/guava-32.1.3-jre.jar:/home/Azureuser/datacartel/apache-druid-34.0.0/bin/../lib/netty-codec-http-4.1.122.Final.jar:/home/Azureuser/datacartel/apache-druid-34.0.0/bin/../lib/datasketches-java-4.2.0.jar:/home/Azureuser/datacartel/apache-druid-34.0.0/bin/../lib/jackson-jaxrs-smile-provider-2.18.4.jar:/home/Azureuser/datacartel/apache-druid-34.0.0/bin/../lib/aws-java-sdk-kms-1.12.784.jar:/home/Azureuser/datacartel/apache-druid-34.0.0/bin/../lib/jackson-jq-0.0.10.jar:/home/Azureuser/datacartel/apache-druid-34.0.0/bin/../lib/cron-scheduler-0.1.jar:/home/Azureuser/datacartel/apache-druid-34.0.0/bin/../lib/druid-sql-34.0.0.jar:/home/Azureuser/datacartel/apache-druid-34.0.0/bin/../lib/accessors-smart-2.5.2.jar:/home/Azureuser/datacartel/apache-druid-34.0.0/bin/../lib/netty-resolver-dns-4.1.122.Final.jar:/home/Azureuser/datacartel/apache-druid-34.0.0/bin/../lib/datasketches-memory-2.2.0.jar:/home/Azureuser/datacartel/apache-druid-34.0.0/bin/../lib/maven-repository-metadata-3.6.0.jar:/home/Azureuser/datacartel/apache-druid-34.0.0/bin/../lib/druid-aws-common-34.0.0.jar:/home/Azureuser/datacartel/apache-druid-34.0.0/bin/../lib/derby-10.14.2.0.jar:/home/Azureuser/datacartel/apache-druid-34.0.0/bin/../lib/sigar-1.6.5.132.jar:/home/Azureuser/datacartel/apache-druid-34.0.0/bin/../lib/jetty-client-9.4.57.v20241219.jar:/home/Azureuser/datacartel/apache-druid-34.0.0/bin/../lib/zstd-jni-1.5.2-3.jar:/home/Azureuser/datacartel/apache-druid-34.0.0/bin/../lib/joda-time-2.14.0.jar:/home/Azureuser/datacartel/apache-druid-34.0.0/bin/../lib/apiguardian-api-1.1.2.jar:/home/Azureuser/datacartel/apache-druid-34.0.0/bin/../lib/commons-collections-3.2.2.jar:/home/Azureuser/datacartel/apache-druid-34.0.0/bin/../lib/RoaringBitmap-0.9.49.jar:/home/Azureuser/datacartel/apache-druid-34.0.0/bin/../lib/google-http-client-jackson2-1.42.3.jar:/home/Azureuser/datacartel/apache-druid-34.0.0/bin/../lib/aopalliance-1.0.jar:/home/Azureuser/datacartel/apache-druid-34.0.0/bin/../lib/js-22.3.5.jar:/home/Azureuser/datacartel/apache-druid-34.0.0/bin/../lib/google-http-client-1.42.3.jar:/home/Azureuser/datacartel/apache-druid-34.0.0/bin/../lib/disruptor-3.3.6.jar:/home/Azureuser/datacartel/apache-druid-34.0.0/bin/../lib/caffeine-2.8.0.jar:/home/Azureuser/datacartel/apache-druid-34.0.0/bin/../lib/netty-transport-4.1.122.Final.jar:/home/Azureuser/datacartel/apache-druid-34.0.0/bin/../lib/druid-indexing-hadoop-34.0.0.jar:/home/Azureuser/datacartel/apache-druid-34.0.0/bin/../lib/jna-5.13.0.jar:/home/Azureuser/datacartel/apache-druid-34.0.0/bin/../lib/httpcore5-h2-5.2.jar:/home/Azureuser/datacartel/apache-druid-34.0.0/bin/../lib/airline-2.8.4.jar:/home/Azureuser/datacartel/apache-druid-34.0.0/bin/../lib/jcodings-1.0.50.jar:/home/Azureuser/datacartel/apache-druid-34.0.0/bin/../lib/commons-text-1.13.1.jar:/home/Azureuser/datacartel/apache-druid-34.0.0/bin/../lib/protobuf-java-3.25.5.jar:/home/Azureuser/datacartel/apache-druid-34.0.0/bin/../lib/derbynet-10.14.2.0.jar:/home/Azureuser/datacartel/apache-druid-34.0.0/bin/../lib/guice-servlet-5.1.0.jar:/home/Azureuser/datacartel/apache-druid-34.0.0/bin/../lib/maven-model-builder-3.6.0.jar:/home/Azureuser/datacartel/apache-druid-34.0.0/bin/../lib/janino-3.1.11.jar:/home/Azureuser/datacartel/apache-druid-34.0.0/bin/../lib/netty-transport-native-unix-common-4.1.122.Final.jar:/home/Azureuser/datacartel/apache-druid-34.0.0/bin/../lib/jetty-servlets-9.4.57.v20241219.jar:/home/Azureuser/datacartel/apache-druid-34.0.0/bin/../lib/jackson-datatype-guava-2.18.4.jar:/home/Azureuser/datacartel/apache-druid-34.0.0/bin/../lib/jakarta.activation-1.2.2.jar:/home/Azureuser/datacartel/apache-druid-34.0.0/bin/../lib/annotations-26.0.2.jar:/home/Azureuser/datacartel/apache-druid-34.0.0/bin/../lib/jetty-security-9.4.57.v20241219.jar:/home/Azureuser/datacartel/apache-druid-34.0.0/bin/../lib/commons-compiler-3.1.11.jar:/home/Azureuser/datacartel/apache-druid-34.0.0/bin/../lib/netty-3.10.6.Final.jar:/home/Azureuser/datacartel/apache-druid-34.0.0/bin/../lib/jersey-servlet-1.19.4.jar:/home/Azureuser/datacartel/apache-druid-34.0.0/bin/../lib/log4j-core-2.22.1.jar:/home/Azureuser/datacartel/apache-druid-34.0.0/bin/../lib/opencensus-contrib-http-util-0.31.1.jar:/home/Azureuser/datacartel/apache-druid-34.0.0/bin/../lib/jackson-annotations-2.18.4.jar:/home/Azureuser/datacartel/apache-druid-34.0.0/bin/../lib/plexus-component-annotations-1.7.1.jar:/home/Azureuser/datacartel/apache-druid-34.0.0/bin/../lib/jackson-module-guice-2.18.4.jar:/home/Azureuser/datacartel/apache-druid-34.0.0/bin/../lib/regex-22.3.5.jar:/home/Azureuser/datacartel/apache-druid-34.0.0/bin/../lib/jts-io-common-1.19.0.jar:/home/Azureuser/datacartel/apache-druid-34.0.0/bin/../lib/jackson-jaxrs-base-2.18.4.jar:/home/Azureuser/datacartel/apache-druid-34.0.0/bin/../lib/httpclient-4.5.13.jar:/home/Azureuser/datacartel/apache-druid-34.0.0/bin/../lib/maven-resolver-connector-basic-1.3.1.jar:/home/Azureuser/datacartel/apache-druid-34.0.0/bin/../lib/joni-2.1.34.jar:/home/Azureuser/datacartel/apache-druid-34.0.0/bin/../lib/log4j-jul-2.22.1.jar:/home/Azureuser/datacartel/apache-druid-34.0.0/bin/../lib/log4j-api-2.22.1.jar:/home/Azureuser/datacartel/apache-druid-34.0.0/bin/../lib/jackson-core-2.18.4.1.jar:/home/Azureuser/datacartel/apache-druid-34.0.0/bin/../lib/httpclient5-5.2.1.jar:/home/Azureuser/datacartel/apache-druid-34.0.0/bin/../lib/jsr305-3.0.2.jar:/home/Azureuser/datacartel/apache-druid-34.0.0/bin/../lib/maven-model-3.6.0.jar:/home/Azureuser/datacartel/apache-druid-34.0.0/bin/../lib/js-scriptengine-22.3.5.jar:/home/Azureuser/datacartel/apache-druid-34.0.0/bin/../lib/javax.servlet-api-3.1.0.jar:/home/Azureuser/datacartel/apache-druid-34.0.0/bin/../lib/druid-services-34.0.0.jar:/home/Azureuser/datacartel/apache-druid-34.0.0/bin/../lib/jersey-guice-1.19.4.jar:/home/Azureuser/datacartel/apache-druid-34.0.0/bin/../lib/grpc-context-1.27.2.jar:/home/Azureuser/datacartel/apache-druid-34.0.0/bin/../lib/curator-recipes-5.8.0.jar:/home/Azureuser/datacartel/apache-druid-34.0.0/bin/../lib/xz-1.9.jar:/home/Azureuser/datacartel/apache-druid-34.0.0/bin/../lib/fastutil-extra-8.5.4.jar:/home/Azureuser/datacartel/apache-druid-34.0.0/bin/../lib/commons-logging-1.3.5.jar:/home/Azureuser/datacartel/apache-druid-34.0.0/bin/../lib/proj4j-1.2.2.jar:/home/Azureuser/datacartel/apache-druid-34.0.0/bin/../lib/maven-builder-support-3.6.0.jar:/home/Azureuser/datacartel/apache-druid-34.0.0/bin/../lib/jetty-util-ajax-9.4.57.v20241219.jar:/home/Azureuser/datacartel/apache-druid-34.0.0/bin/../lib/jakarta.validation-api-2.0.2.jar:/home/Azureuser/datacartel/apache-druid-34.0.0/bin/../lib/netty-buffer-4.1.122.Final.jar:/home/Azureuser/datacartel/apache-druid-34.0.0/bin/../lib/zookeeper-3.8.4.jar:/home/Azureuser/datacartel/apache-druid-34.0.0/bin/../lib/jaxb-runtime-2.3.3.jar:/home/Azureuser/datacartel/apache-druid-34.0.0/bin/../lib/maven-resolver-api-1.3.1.jar:/home/Azureuser/datacartel/apache-druid-34.0.0/bin/../lib/jetty-proxy-9.4.57.v20241219.jar:/home/Azureuser/datacartel/apache-druid-34.0.0/bin/../lib/json-simple-1.1.1.jar:/home/Azureuser/datacartel/apache-druid-34.0.0/bin/../lib/guice-5.1.0.jar:/home/Azureuser/datacartel/apache-druid-34.0.0/bin/../lib/jna-platform-5.13.0.jar:/home/Azureuser/datacartel/apache-druid-34.0.0/bin/../lib/curator-framework-5.8.0.jar:/home/Azureuser/datacartel/apache-druid-34.0.0/bin/../lib/aws-java-sdk-core-1.12.784.jar:/home/Azureuser/datacartel/apache-druid-34.0.0/bin/../lib/vavr-0.10.2.jar:/home/Azureuser/datacartel/apache-druid-34.0.0/bin/../lib/calcite-core-1.37.0.jar:/home/Azureuser/datacartel/apache-druid-34.0.0/bin/../lib/netty-codec-4.1.122.Final.jar:/home/Azureuser/datacartel/apache-druid-34.0.0/bin/../lib/jackson-jaxrs-json-provider-2.18.4.jar:/home/Azureuser/datacartel/apache-druid-34.0.0/bin/../lib/jetty-servlet-9.4.57.v20241219.jar:/home/Azureuser/datacartel/apache-druid-34.0.0/bin/../lib/asm-commons-9.8.jar:/home/Azureuser/datacartel/apache-druid-34.0.0/bin/../lib/avatica-metrics-1.25.0.jar:/home/Azureuser/datacartel/apache-druid-34.0.0/bin/../lib/google-api-client-2.2.0.jar:/home/Azureuser/datacartel/apache-druid-34.0.0/bin/../lib/j2objc-annotations-2.8.jar:/home/Azureuser/datacartel/apache-druid-34.0.0/bin/../lib/javax.inject-1.jar:/home/Azureuser/datacartel/apache-druid-34.0.0/bin/../lib/maven-resolver-transport-http-1.3.1.jar:/home/Azureuser/datacartel/apache-druid-34.0.0/bin/../lib/hibernate-validator-6.2.5.Final.jar:/home/Azureuser/datacartel/apache-druid-34.0.0/bin/../lib/commons-io-2.17.0.jar:/home/Azureuser/datacartel/apache-druid-34.0.0/bin/../lib/maven-artifact-3.6.0.jar:/home/Azureuser/datacartel/apache-druid-34.0.0/bin/../lib/jboss-logging-3.4.1.Final.jar:/home/Azureuser/datacartel/apache-druid-34.0.0/bin/../lib/json-smart-2.5.2.jar:/home/Azureuser/datacartel/apache-druid-34.0.0/bin/../lib/jdbi-2.63.1.jar:/home/Azureuser/datacartel/apache-druid-34.0.0/bin/../lib/async-http-client-3.0.2.jar:/home/Azureuser/datacartel/apache-druid-34.0.0/bin/../lib/google-oauth-client-1.34.1.jar:/home/Azureuser/datacartel/apache-druid-34.0.0/bin/../lib/ipaddress-5.3.4.jar:/home/Azureuser/datacartel/apache-druid-34.0.0/bin/../lib/jetty-http-9.4.57.v20241219.jar:/home/Azureuser/datacartel/apache-druid-34.0.0/bin/../lib/httpcore5-5.2.3.jar:/home/Azureuser/datacartel/apache-druid-34.0.0/bin/../lib/guice-assistedinject-5.1.0.jar:/home/Azureuser/datacartel/apache-druid-34.0.0/bin/../lib/jackson-module-jaxb-annotations-2.18.4.jar:/home/Azureuser/datacartel/apache-druid-34.0.0/bin/../lib/cron-utils-9.2.0.jar:/home/Azureuser/datacartel/apache-druid-34.0.0/bin/../lib/log4j-1.2-api-2.22.1.jar:/home/Azureuser/datacartel/apache-druid-34.0.0/bin/../lib/jcl-over-slf4j-2.0.16.jar:/home/Azureuser/datacartel/apache-druid-34.0.0/bin/../lib/opencsv-4.6.jar:/home/Azureuser/datacartel/apache-druid-34.0.0/bin/../lib/jackson-databind-2.18.4.jar:/home/Azureuser/datacartel/apache-druid-34.0.0/bin/../lib/resilience4j-core-1.3.1.jar:/home/Azureuser/datacartel/apache-druid-34.0.0/bin/../lib/maven-resolver-provider-3.6.0.jar:/home/Azureuser/datacartel/apache-druid-34.0.0/bin/../lib/avatica-server-1.25.0.jar:/home/Azureuser/datacartel/apache-druid-34.0.0/bin/../lib/rhino-1.7.14.jar:/home/Azureuser/datacartel/apache-druid-34.0.0/bin/../lib/curator-client-5.8.0.jar:/home/Azureuser/datacartel/apache-druid-34.0.0/bin/../lib/asm-tree-9.8.jar:/home/Azureuser/datacartel/apache-druid-34.0.0/bin/../lib/commons-compress-1.26.0.jar:/home/Azureuser/datacartel/apache-druid-34.0.0/bin/../lib/derbyclient-10.14.2.0.jar:/home/Azureuser/datacartel/apache-druid-34.0.0/bin/../lib/netty-handler-4.1.122.Final.jar:/home/Azureuser/datacartel/apache-druid-34.0.0/bin/../lib/google-http-client-apache-v2-1.42.3.jar:/home/Azureuser/datacartel/apache-druid-34.0.0/bin/../lib/plexus-interpolation-1.25.jar:/home/Azureuser/datacartel/apache-druid-34.0.0/bin/../lib/classmate-1.5.1.jar:/home/Azureuser/datacartel/apache-druid-34.0.0/bin/../lib/druid-gcp-common-34.0.0.jar:/home/Azureuser/datacartel/apache-druid-34.0.0/bin/../lib/jetty-rewrite-9.4.57.v20241219.jar:/home/Azureuser/datacartel/apache-druid-34.0.0/bin/../lib/shims-0.9.49.jar:/home/Azureuser/datacartel/apache-druid-34.0.0/bin/../lib/error_prone_annotations-2.35.1.jar:/home/Azureuser/datacartel/apache-druid-34.0.0/bin/../lib/commons-beanutils-1.11.0.jar:/home/Azureuser/datacartel/apache-druid-34.0.0/bin/../lib/commons-pool2-2.2.jar:/home/Azureuser/datacartel/apache-druid-34.0.0/bin/../lib/uzaygezen-core-0.2.jar:/home/Azureuser/datacartel/apache-druid-34.0.0/bin/../lib/avatica-core-1.25.0.jar:/home/Azureuser/datacartel/apache-druid-34.0.0/bin/../lib/commons-collections4-4.2.jar:/home/Azureuser/datacartel/apache-druid-34.0.0/bin/../lib/commons-codec-1.16.1.jar:/home/Azureuser/datacartel/apache-druid-34.0.0/bin/../lib/jersey-core-1.19.4.jar:/home/Azureuser/datacartel/apache-druid-34.0.0/bin/../lib/curator-x-discovery-5.8.0.jar:/home/Azureuser/datacartel/apache-druid-34.0.0/bin/../lib/icu4j-73.2.jar:/home/Azureuser/datacartel/apache-druid-34.0.0/bin/../lib/jetty-util-9.4.57.v20241219.jar:/home/Azureuser/datacartel/apache-druid-34.0.0/bin/../lib/jetty-continuation-9.4.57.v20241219.jar:/home/Azureuser/datacartel/apache-druid-34.0.0/bin/../lib/plexus-utils-3.1.0.jar:/home/Azureuser/datacartel/apache-druid-34.0.0/bin/../lib/jackson-datatype-joda-2.18.4.jar:/home/Azureuser/datacartel/apache-druid-34.0.0/bin/../lib/jmespath-java-1.12.784.jar:/home/Azureuser/datacartel/apache-druid-34.0.0/bin/../lib/fastutil-core-8.5.4.jar:/home/Azureuser/datacartel/apache-druid-34.0.0/bin/../lib/checker-qual-3.48.1.jar:/home/Azureuser/datacartel/apache-druid-34.0.0/bin/../lib/aws-java-sdk-sts-1.12.784.jar:/home/Azureuser/datacartel/apache-druid-34.0.0/bin/../lib/netty-handler-proxy-4.1.122.Final.jar:/home/Azureuser/datacartel/apache-druid-34.0.0/bin/../lib/jsr311-api-1.1.1.jar:/home/Azureuser/datacartel/apache-druid-34.0.0/bin/../lib/web-console-34.0.0.jar:/home/Azureuser/datacartel/apache-druid-34.0.0/bin/../lib/druid-processing-34.0.0.jar:/home/Azureuser/datacartel/apache-druid-34.0.0/bin/../lib/jakarta.activation-api-1.2.2.jar:/home/Azureuser/datacartel/apache-druid-34.0.0/bin/../lib/log4j-slf4j2-impl-2.22.1.jar:/home/Azureuser/datacartel/apache-druid-34.0.0/bin/../lib/asm-9.8.jar:/home/Azureuser/datacartel/apache-druid-34.0.0/bin/../lib/maven-resolver-spi-1.3.1.jar:/home/Azureuser/datacartel/apache-druid-34.0.0/bin/../lib/txw2-2.3.3.jar:/home/Azureuser/datacartel/apache-druid-34.0.0/bin/../lib/druid-indexing-service-34.0.0.jar:/home/Azureuser/datacartel/apache-druid-34.0.0/bin/../lib/calcite-linq4j-1.37.0.jar:/home/Azureuser/datacartel/apache-druid-34.0.0/bin/../lib/jackson-dataformat-smile-2.18.4.jar:/home/Azureuser/datacartel/apache-druid-34.0.0/bin/../lib/aws-java-sdk-s3-1.12.784.jar:/home/Azureuser/datacartel/apache-druid-34.0.0/bin/../lib/oshi-core-6.4.4.jar:/home/Azureuser/datacartel/apache-druid-34.0.0/bin/../lib/httpcore-4.4.16.jar:/home/Azureuser/datacartel/apache-druid-34.0.0/bin/../lib/vavr-match-0.10.2.jar:/home/Azureuser/datacartel/apache-druid-34.0.0/bin/../lib/slf4j-api-2.0.16.jar:/home/Azureuser/datacartel/apache-druid-34.0.0/bin/../lib/maven-resolver-util-1.3.1.jar:/home/Azureuser/datacartel/apache-druid-34.0.0/bin/../lib/resilience4j-bulkhead-1.3.1.jar:/home/Azureuser/datacartel/apache-druid-34.0.0/bin/../lib/javax.el-api-3.0.0.jar:/home/Azureuser/datacartel/apache-druid-34.0.0/bin/../lib/istack-commons-runtime-3.0.11.jar:/home/Azureuser/datacartel/apache-druid-34.0.0/bin/../lib/netty-codec-dns-4.1.122.Final.jar:/home/Azureuser/datacartel/apache-druid-34.0.0/bin/../lib/truffle-api-22.3.5.jar:/home/Azureuser/datacartel/apache-druid-34.0.0/bin/../lib/aws-java-sdk-ec2-1.12.784.jar:/home/Azureuser/datacartel/apache-druid-34.0.0/bin/../lib/snappy-java-1.1.10.7.jar:/home/Azureuser/datacartel/apache-druid-34.0.0/bin/../lib/antlr4-runtime-4.5.3.jar:/home/Azureuser/datacartel/apache-druid-34.0.0/bin/../lib/netty-resolver-4.1.122.Final.jar:/home/Azureuser/datacartel/apache-druid-34.0.0/bin/../lib/compress-lzf-1.0.4.jar:/home/Azureuser/datacartel/apache-druid-34.0.0/bin/../lib/lz4-java-1.8.0.jar:/home/Azureuser/datacartel/apache-druid-34.0.0/bin/../lib/json-path-2.9.0.jar:/home/Azureuser/datacartel/apache-druid-34.0.0/bin/../lib/audience-annotations-0.12.0.jar:/home/Azureuser/datacartel/apache-druid-34.0.0/bin/../lib/jersey-server-1.19.4.jar:/home/Azureuser/datacartel/apache-druid-34.0.0/bin/../lib/jakarta.el-3.0.4.jar:/home/Azureuser/datacartel/apache-druid-34.0.0/bin/../lib/gson-2.10.1.jar:/home/Azureuser/datacartel/apache-druid-34.0.0/bin/../lib/failureaccess-1.0.1.jar:/home/Azureuser/datacartel/apache-druid-34.0.0/bin/../lib/airline-io-2.8.4.jar:/home/Azureuser/datacartel/apache-druid-34.0.0/bin/../lib/elasticache-java-cluster-client-1.2.0.jar:/home/Azureuser/datacartel/apache-druid-34.0.0/conf/zk
2025-09-16T11:24:52,702 INFO [main] org.apache.zookeeper.server.ZooKeeperServer - Server environment:java.library.path=/usr/java/packages/lib:/usr/lib/x86_64-linux-gnu/jni:/lib/x86_64-linux-gnu:/usr/lib/x86_64-linux-gnu:/usr/lib/jni:/lib:/usr/lib
2025-09-16T11:24:52,702 INFO [main] org.apache.zookeeper.server.ZooKeeperServer - Server environment:java.io.tmpdir=/tmp
2025-09-16T11:24:52,702 INFO [main] org.apache.zookeeper.server.ZooKeeperServer - Server environment:java.compiler=<NA>
2025-09-16T11:24:52,702 INFO [main] org.apache.zookeeper.server.ZooKeeperServer - Server environment:os.name=Linux
2025-09-16T11:24:52,702 INFO [main] org.apache.zookeeper.server.ZooKeeperServer - Server environment:os.arch=amd64
2025-09-16T11:24:52,703 INFO [main] org.apache.zookeeper.server.ZooKeeperServer - Server environment:os.version=6.11.0-1018-azure
2025-09-16T11:24:52,703 INFO [main] org.apache.zookeeper.server.ZooKeeperServer - Server environment:user.name=Azureuser
2025-09-16T11:24:52,703 INFO [main] org.apache.zookeeper.server.ZooKeeperServer - Server environment:user.home=/home/Azureuser
2025-09-16T11:24:52,703 INFO [main] org.apache.zookeeper.server.ZooKeeperServer - Server environment:user.dir=/home/Azureuser/datacartel/apache-druid-34.0.0
2025-09-16T11:24:52,703 INFO [main] org.apache.zookeeper.server.ZooKeeperServer - Server environment:os.memory.free=103MB
2025-09-16T11:24:52,703 INFO [main] org.apache.zookeeper.server.ZooKeeperServer - Server environment:os.memory.max=128MB
2025-09-16T11:24:52,703 INFO [main] org.apache.zookeeper.server.ZooKeeperServer - Server environment:os.memory.total=128MB
2025-09-16T11:24:52,703 INFO [main] org.apache.zookeeper.server.ZooKeeperServer - zookeeper.enableEagerACLCheck = false
2025-09-16T11:24:52,703 INFO [main] org.apache.zookeeper.server.ZooKeeperServer - zookeeper.digest.enabled = true
2025-09-16T11:24:52,703 INFO [main] org.apache.zookeeper.server.ZooKeeperServer - zookeeper.closeSessionTxn.enabled = true
2025-09-16T11:24:52,703 INFO [main] org.apache.zookeeper.server.ZooKeeperServer - zookeeper.flushDelay = 0 ms
2025-09-16T11:24:52,708 INFO [main] org.apache.zookeeper.server.ZooKeeperServer - zookeeper.maxWriteQueuePollTime = 0 ms
2025-09-16T11:24:52,708 INFO [main] org.apache.zookeeper.server.ZooKeeperServer - zookeeper.maxBatchSize=1000
2025-09-16T11:24:52,709 INFO [main] org.apache.zookeeper.server.ZooKeeperServer - zookeeper.intBufferStartingSizeBytes = 1024
2025-09-16T11:24:52,710 INFO [main] org.apache.zookeeper.server.BlueThrottle - Weighed connection throttling is disabled
2025-09-16T11:24:52,717 INFO [main] org.apache.zookeeper.server.ZooKeeperServer - minSessionTimeout set to 4000 ms
2025-09-16T11:24:52,717 INFO [main] org.apache.zookeeper.server.ZooKeeperServer - maxSessionTimeout set to 40000 ms
2025-09-16T11:24:52,727 INFO [main] org.apache.zookeeper.server.ResponseCache - getData response cache size is initialized with value 400.
2025-09-16T11:24:52,727 INFO [main] org.apache.zookeeper.server.ResponseCache - getChildren response cache size is initialized with value 400.
2025-09-16T11:24:52,728 INFO [main] org.apache.zookeeper.server.util.RequestPathMetricsCollector - zookeeper.pathStats.slotCapacity = 60
2025-09-16T11:24:52,728 INFO [main] org.apache.zookeeper.server.util.RequestPathMetricsCollector - zookeeper.pathStats.slotDuration = 15
2025-09-16T11:24:52,728 INFO [main] org.apache.zookeeper.server.util.RequestPathMetricsCollector - zookeeper.pathStats.maxDepth = 6
2025-09-16T11:24:52,728 INFO [main] org.apache.zookeeper.server.util.RequestPathMetricsCollector - zookeeper.pathStats.initialDelay = 5
2025-09-16T11:24:52,728 INFO [main] org.apache.zookeeper.server.util.RequestPathMetricsCollector - zookeeper.pathStats.delay = 5
2025-09-16T11:24:52,728 INFO [main] org.apache.zookeeper.server.util.RequestPathMetricsCollector - zookeeper.pathStats.enabled = false
2025-09-16T11:24:52,737 INFO [main] org.apache.zookeeper.server.ZooKeeperServer - The max bytes for all large requests are set to 104857600
2025-09-16T11:24:52,737 INFO [main] org.apache.zookeeper.server.ZooKeeperServer - The large request threshold is set to -1
2025-09-16T11:24:52,737 INFO [main] org.apache.zookeeper.server.AuthenticationHelper - zookeeper.enforce.auth.enabled = false
2025-09-16T11:24:52,737 INFO [main] org.apache.zookeeper.server.AuthenticationHelper - zookeeper.enforce.auth.schemes = []
2025-09-16T11:24:52,738 INFO [main] org.apache.zookeeper.server.ZooKeeperServer - Created server with tickTime 2000 ms minSessionTimeout 4000 ms maxSessionTimeout 40000 ms clientPortListenBacklog -1 datadir var/zk/version-2 snapdir var/zk/version-2
2025-09-16T11:24:52,840 INFO [main] org.eclipse.jetty.util.log - Logging initialized @3021ms to org.eclipse.jetty.util.log.Slf4jLog
2025-09-16T11:24:53,128 WARN [main] org.eclipse.jetty.server.handler.ContextHandler - o.e.j.s.ServletContextHandler@55dfebeb{/,null,STOPPED} contextPath ends with /*
2025-09-16T11:24:53,128 WARN [main] org.eclipse.jetty.server.handler.ContextHandler - Empty contextPath
2025-09-16T11:24:53,235 INFO [main] org.eclipse.jetty.server.Server - jetty-9.4.57.v20241219; built: 2025-01-08T21:24:30.412Z; git: df524e6b29271c2e09ba9aea83c18dc9db464a31; jvm 17.0.16+8-Ubuntu-0ubuntu124.04.1
2025-09-16T11:24:53,390 INFO [main] org.eclipse.jetty.server.session - DefaultSessionIdManager workerName=node0
2025-09-16T11:24:53,390 INFO [main] org.eclipse.jetty.server.session - No SessionScavenger set, using defaults
2025-09-16T11:24:53,392 INFO [main] org.eclipse.jetty.server.session - node0 Scavenging every 600000ms
2025-09-16T11:24:53,408 WARN [main] org.eclipse.jetty.security.SecurityHandler - ServletContext@o.e.j.s.ServletContextHandler@55dfebeb{/,null,STARTING} has uncovered http methods for path: /*
2025-09-16T11:24:53,467 INFO [main] org.eclipse.jetty.server.handler.ContextHandler - Started o.e.j.s.ServletContextHandler@55dfebeb{/,null,AVAILABLE}
2025-09-16T11:24:53,529 INFO [main] org.eclipse.jetty.server.AbstractConnector - Started ServerConnector@1941a8ff{HTTP/1.1, (http/1.1)}{0.0.0.0:8080}
2025-09-16T11:24:53,529 INFO [main] org.eclipse.jetty.server.Server - Started @3724ms
2025-09-16T11:24:53,530 INFO [main] org.apache.zookeeper.server.admin.JettyAdminServer - Started AdminServer on address 0.0.0.0, port 8080 and command URL /commands
2025-09-16T11:24:53,544 INFO [main] org.apache.zookeeper.server.ServerCnxnFactory - Using org.apache.zookeeper.server.NIOServerCnxnFactory as server connection factory
2025-09-16T11:24:53,549 WARN [main] org.apache.zookeeper.server.ServerCnxnFactory - maxCnxns is not configured, using default value 0.
2025-09-16T11:24:53,556 INFO [main] org.apache.zookeeper.server.NIOServerCnxnFactory - Configuring NIO connection handler with 10s sessionless connection timeout, 1 selector thread(s), 8 worker threads, and 64 kB direct buffers.
2025-09-16T11:24:53,561 INFO [main] org.apache.zookeeper.server.NIOServerCnxnFactory - binding to port 0.0.0.0/0.0.0.0:2181
2025-09-16T11:24:53,634 INFO [main] org.apache.zookeeper.server.watch.WatchManagerFactory - Using org.apache.zookeeper.server.watch.WatchManager as watch manager
2025-09-16T11:24:53,634 INFO [main] org.apache.zookeeper.server.watch.WatchManagerFactory - Using org.apache.zookeeper.server.watch.WatchManager as watch manager
2025-09-16T11:24:53,635 INFO [main] org.apache.zookeeper.server.ZKDatabase - zookeeper.snapshotSizeFactor = 0.33
2025-09-16T11:24:53,635 INFO [main] org.apache.zookeeper.server.ZKDatabase - zookeeper.commitLogCount=500
2025-09-16T11:24:53,652 INFO [main] org.apache.zookeeper.server.persistence.SnapStream - zookeeper.snapshot.compression.method = CHECKED
2025-09-16T11:24:53,652 INFO [main] org.apache.zookeeper.server.persistence.FileTxnSnapLog - Snapshotting: 0x0 to var/zk/version-2/snapshot.0
2025-09-16T11:24:53,661 INFO [main] org.apache.zookeeper.server.ZKDatabase - Snapshot loaded in 26 ms, highest zxid is 0x0, digest is 1371985504
2025-09-16T11:24:53,664 INFO [main] org.apache.zookeeper.server.persistence.FileTxnSnapLog - Snapshotting: 0x0 to var/zk/version-2/snapshot.0
2025-09-16T11:24:53,665 INFO [main] org.apache.zookeeper.server.ZooKeeperServer - Snapshot taken in 0 ms
2025-09-16T11:24:53,715 INFO [ProcessThread(sid:0 cport:2181):] org.apache.zookeeper.server.PrepRequestProcessor - PrepRequestProcessor (sid:0) started, reconfigEnabled=false
2025-09-16T11:24:53,717 INFO [main] org.apache.zookeeper.server.RequestThrottler - zookeeper.request_throttler.shutdownTimeout = 10000 ms
2025-09-16T11:24:53,733 WARN [NIOWorkerThread-1] org.apache.zookeeper.server.NIOServerCnxn - Close of session 0x0
java.io.IOException: ZooKeeperServer not running
	at org.apache.zookeeper.server.NIOServerCnxn.readLength(NIOServerCnxn.java:565) ~[zookeeper-3.8.4.jar:3.8.4]
	at org.apache.zookeeper.server.NIOServerCnxn.doIO(NIOServerCnxn.java:350) [zookeeper-3.8.4.jar:3.8.4]
	at org.apache.zookeeper.server.NIOServerCnxnFactory$IOWorkRequest.doWork(NIOServerCnxnFactory.java:508) [zookeeper-3.8.4.jar:3.8.4]
	at org.apache.zookeeper.server.WorkerService$ScheduledWorkRequest.run(WorkerService.java:153) [zookeeper-3.8.4.jar:3.8.4]
	at java.base/java.util.concurrent.ThreadPoolExecutor.runWorker(ThreadPoolExecutor.java:1136) [?:?]
	at java.base/java.util.concurrent.ThreadPoolExecutor$Worker.run(ThreadPoolExecutor.java:635) [?:?]
	at java.base/java.lang.Thread.run(Thread.java:840) [?:?]
2025-09-16T11:24:53,776 INFO [main] org.apache.zookeeper.server.ContainerManager - Using checkIntervalMs=60000 maxPerMinute=10000 maxNeverUsedIntervalMs=0
2025-09-16T11:24:53,782 INFO [main] org.apache.zookeeper.audit.ZKAuditProvider - ZooKeeper audit is disabled.
2025-09-16T11:24:54,045 INFO [SyncThread:0] org.apache.zookeeper.server.persistence.FileTxnLog - Creating new log file: log.1
2025-09-16T11:24:55,151 WARN [SyncThread:0] org.apache.zookeeper.server.persistence.FileTxnLog - fsync-ing the write ahead log in SyncThread:0 took 1105ms which will adversely effect operation latency.File size is 67108880 bytes. See the ZooKeeper troubleshooting guide
2025-09-16T11:25:06,672 INFO [NIOWorkerThread-6] org.apache.zookeeper.server.NIOServerCnxn - Unable to read additional data from client, it probably closed the socket: address = /127.0.0.1:60850, session = 0x100042dbcd40001
2025-09-16T11:25:30,344 WARN [NIOWorkerThread-6] org.apache.zookeeper.server.NIOServerCnxn - Close of session 0x100042dbcd40000
java.net.SocketException: Connection reset
	at java.base/sun.nio.ch.SocketChannelImpl.throwConnectionReset(SocketChannelImpl.java:394) ~[?:?]
	at java.base/sun.nio.ch.SocketChannelImpl.read(SocketChannelImpl.java:426) ~[?:?]
	at org.apache.zookeeper.server.NIOServerCnxn.doIO(NIOServerCnxn.java:334) [zookeeper-3.8.4.jar:3.8.4]
	at org.apache.zookeeper.server.NIOServerCnxnFactory$IOWorkRequest.doWork(NIOServerCnxnFactory.java:508) [zookeeper-3.8.4.jar:3.8.4]
	at org.apache.zookeeper.server.WorkerService$ScheduledWorkRequest.run(WorkerService.java:153) [zookeeper-3.8.4.jar:3.8.4]
	at java.base/java.util.concurrent.ThreadPoolExecutor.runWorker(ThreadPoolExecutor.java:1136) [?:?]
	at java.base/java.util.concurrent.ThreadPoolExecutor$Worker.run(ThreadPoolExecutor.java:635) [?:?]
	at java.base/java.lang.Thread.run(Thread.java:840) [?:?]
2025-09-16T11:25:37,349 INFO [SessionTracker] org.apache.zookeeper.server.ZooKeeperServer - Expiring session 0x100042dbcd40001, timeout of 30000ms exceeded
2025-09-16T11:26:01,349 INFO [SessionTracker] org.apache.zookeeper.server.ZooKeeperServer - Expiring session 0x100042dbcd40000, timeout of 30000ms exceeded
